
*** Running vivado
    with args -log communicatieprotocol_comunication_protocol_0_0.vds -m64 -product Vivado -mode batch -messageDb vivado.pb -notrace -source communicatieprotocol_comunication_protocol_0_0.tcl



****** Vivado v2023.1 (64-bit)
  **** SW Build 3865809 on Sun May  7 15:05:29 MDT 2023
  **** IP Build 3864474 on Sun May  7 20:36:21 MDT 2023
  **** SharedData Build 3865790 on Sun May 07 13:33:03 MDT 2023
    ** Copyright 1986-2022 Xilinx, Inc. All Rights Reserved.
    ** Copyright 2022-2023 Advanced Micro Devices, Inc. All Rights Reserved.

source communicatieprotocol_comunication_protocol_0_0.tcl -notrace
INFO: [IP_Flow 19-234] Refreshing IP repositories
INFO: [IP_Flow 19-1704] No user IP repositories specified
INFO: [IP_Flow 19-2313] Loaded Vivado IP repository 'C:/Xilinx/Vivado/2023.1/data/ip'.
WARNING: [IP_Flow 19-4995] The host OS only allows 260 characters in a normal path. The IP cache path is more than 80 characters. If you experience issues with IP caching, please consider changing the IP cache to a location with a shorter path. Alternately consider using the OS subst command to map part of the path to a drive letter. 
Current IP cache path is d:/_code/Git/Fontys/Jaar_2/mo8-digitaal-zender/mo8-digitaal-zender/mo8-digitaal-zender.cache/ip 
INFO: [IP_Flow 19-6924] IPCACHE: Running cache check for IP inst: communicatieprotocol_comunication_protocol_0_0
Command: synth_design -top communicatieprotocol_comunication_protocol_0_0 -part xc7z020clg400-1 -incremental_mode off -mode out_of_context
Starting synth_design
Attempting to get a license for feature 'Synthesis' and/or device 'xc7z020'
INFO: [Common 17-349] Got license for feature 'Synthesis' and/or device 'xc7z020'
INFO: [Device 21-403] Loading part xc7z020clg400-1
INFO: [Synth 8-7079] Multithreading enabled for synth_design using a maximum of 2 processes.
INFO: [Synth 8-7078] Launching helper process for spawning children vivado processes
INFO: [Synth 8-7075] Helper process launched with PID 31756
---------------------------------------------------------------------------------
Starting RTL Elaboration : Time (s): cpu = 00:00:01 ; elapsed = 00:00:04 . Memory (MB): peak = 2232.602 ; gain = 409.367
---------------------------------------------------------------------------------
INFO: [Synth 8-638] synthesizing module 'communicatieprotocol_comunication_protocol_0_0' [d:/_code/Git/Fontys/Jaar_2/mo8-digitaal-zender/mo8-digitaal-zender/mo8-digitaal-zender.gen/sources_1/bd/communicatieprotocol/ip/communicatieprotocol_comunication_protocol_0_0/synth/communicatieprotocol_comunication_protocol_0_0.vhd:70]
	Parameter CRC_devider bound to: 0 - type: integer 
INFO: [Synth 8-3491] module 'comunication_protocol' declared at 'D:/_code/Git/Fontys/Jaar_2/mo8-digitaal-zender/mo8-digitaal-zender/mo8-digitaal-zender.srcs/sources_1/new/comunication_protocol.vhd:41' bound to instance 'U0' of component 'comunication_protocol' [d:/_code/Git/Fontys/Jaar_2/mo8-digitaal-zender/mo8-digitaal-zender/mo8-digitaal-zender.gen/sources_1/bd/communicatieprotocol/ip/communicatieprotocol_comunication_protocol_0_0/synth/communicatieprotocol_comunication_protocol_0_0.vhd:104]
INFO: [Synth 8-638] synthesizing module 'comunication_protocol' [D:/_code/Git/Fontys/Jaar_2/mo8-digitaal-zender/mo8-digitaal-zender/mo8-digitaal-zender.srcs/sources_1/new/comunication_protocol.vhd:64]
WARNING: [Synth 8-614] signal 'keypad_old' is read in the process but is not in the sensitivity list [D:/_code/Git/Fontys/Jaar_2/mo8-digitaal-zender/mo8-digitaal-zender/mo8-digitaal-zender.srcs/sources_1/new/comunication_protocol.vhd:124]
WARNING: [Synth 8-614] signal 'keypad_is_hekkie_s' is read in the process but is not in the sensitivity list [D:/_code/Git/Fontys/Jaar_2/mo8-digitaal-zender/mo8-digitaal-zender/mo8-digitaal-zender.srcs/sources_1/new/comunication_protocol.vhd:136]
WARNING: [Synth 8-614] signal 'buffer_in' is read in the process but is not in the sensitivity list [D:/_code/Git/Fontys/Jaar_2/mo8-digitaal-zender/mo8-digitaal-zender/mo8-digitaal-zender.srcs/sources_1/new/comunication_protocol.vhd:183]
INFO: [Synth 8-256] done synthesizing module 'comunication_protocol' (0#1) [D:/_code/Git/Fontys/Jaar_2/mo8-digitaal-zender/mo8-digitaal-zender/mo8-digitaal-zender.srcs/sources_1/new/comunication_protocol.vhd:64]
INFO: [Synth 8-256] done synthesizing module 'communicatieprotocol_comunication_protocol_0_0' (0#1) [d:/_code/Git/Fontys/Jaar_2/mo8-digitaal-zender/mo8-digitaal-zender/mo8-digitaal-zender.gen/sources_1/bd/communicatieprotocol/ip/communicatieprotocol_comunication_protocol_0_0/synth/communicatieprotocol_comunication_protocol_0_0.vhd:70]
---------------------------------------------------------------------------------
Finished RTL Elaboration : Time (s): cpu = 00:00:01 ; elapsed = 00:00:05 . Memory (MB): peak = 2337.266 ; gain = 514.031
---------------------------------------------------------------------------------
---------------------------------------------------------------------------------
Start Handling Custom Attributes
---------------------------------------------------------------------------------
---------------------------------------------------------------------------------
Finished Handling Custom Attributes : Time (s): cpu = 00:00:01 ; elapsed = 00:00:06 . Memory (MB): peak = 2355.191 ; gain = 531.957
---------------------------------------------------------------------------------
---------------------------------------------------------------------------------
Finished RTL Optimization Phase 1 : Time (s): cpu = 00:00:01 ; elapsed = 00:00:06 . Memory (MB): peak = 2355.191 ; gain = 531.957
---------------------------------------------------------------------------------
Netlist sorting complete. Time (s): cpu = 00:00:00 ; elapsed = 00:00:00.010 . Memory (MB): peak = 2355.191 ; gain = 0.000
INFO: [Project 1-570] Preparing netlist for logic optimization

Processing XDC Constraints
Initializing timing engine
Completed Processing XDC Constraints

Netlist sorting complete. Time (s): cpu = 00:00:00 ; elapsed = 00:00:00 . Memory (MB): peak = 2449.664 ; gain = 0.000
INFO: [Project 1-111] Unisim Transformation Summary:
No Unisim elements were transformed.

Constraint Validation Runtime : Time (s): cpu = 00:00:00 ; elapsed = 00:00:00.030 . Memory (MB): peak = 2449.699 ; gain = 0.035
INFO: [Designutils 20-5008] Incremental synthesis strategy off
---------------------------------------------------------------------------------
Finished Constraint Validation : Time (s): cpu = 00:00:03 ; elapsed = 00:00:11 . Memory (MB): peak = 2449.699 ; gain = 626.465
---------------------------------------------------------------------------------
---------------------------------------------------------------------------------
Start Loading Part and Timing Information
---------------------------------------------------------------------------------
Loading part: xc7z020clg400-1
---------------------------------------------------------------------------------
Finished Loading Part and Timing Information : Time (s): cpu = 00:00:03 ; elapsed = 00:00:11 . Memory (MB): peak = 2449.699 ; gain = 626.465
---------------------------------------------------------------------------------
---------------------------------------------------------------------------------
Start Applying 'set_property' XDC Constraints
---------------------------------------------------------------------------------
---------------------------------------------------------------------------------
Finished applying 'set_property' XDC Constraints : Time (s): cpu = 00:00:03 ; elapsed = 00:00:11 . Memory (MB): peak = 2449.699 ; gain = 626.465
---------------------------------------------------------------------------------
INFO: [Synth 8-802] inferred FSM for state register 'current_state_reg' in module 'comunication_protocol'
WARNING: [Synth 8-327] inferring latch for variable 'buffer_read_reg' [D:/_code/Git/Fontys/Jaar_2/mo8-digitaal-zender/mo8-digitaal-zender/mo8-digitaal-zender.srcs/sources_1/new/comunication_protocol.vhd:187]
---------------------------------------------------------------------------------------------------
                   State |                     New Encoding |                Previous Encoding 
---------------------------------------------------------------------------------------------------
              reset_data |                           000001 |                              101
      waiting_for_hekkie |                           000010 |                              000
      enable_read_buffer |                           000100 |                              001
          reading_buffer |                           001000 |                              010
         create_protocol |                           010000 |                              011
               send_data |                           100000 |                              100
---------------------------------------------------------------------------------------------------
INFO: [Synth 8-3354] encoded FSM with state register 'current_state_reg' using encoding 'one-hot' in module 'comunication_protocol'
WARNING: [Synth 8-327] inferring latch for variable 'data_ready_reg' [D:/_code/Git/Fontys/Jaar_2/mo8-digitaal-zender/mo8-digitaal-zender/mo8-digitaal-zender.srcs/sources_1/new/comunication_protocol.vhd:218]
WARNING: [Synth 8-327] inferring latch for variable 'data_out_reg' [D:/_code/Git/Fontys/Jaar_2/mo8-digitaal-zender/mo8-digitaal-zender/mo8-digitaal-zender.srcs/sources_1/new/comunication_protocol.vhd:199]
WARNING: [Synth 8-327] inferring latch for variable 'keypad_is_hekkie_s_reg' [D:/_code/Git/Fontys/Jaar_2/mo8-digitaal-zender/mo8-digitaal-zender/mo8-digitaal-zender.srcs/sources_1/new/comunication_protocol.vhd:196]
---------------------------------------------------------------------------------
Finished RTL Optimization Phase 2 : Time (s): cpu = 00:00:03 ; elapsed = 00:00:11 . Memory (MB): peak = 2449.699 ; gain = 626.465
---------------------------------------------------------------------------------
---------------------------------------------------------------------------------
Start RTL Component Statistics 
---------------------------------------------------------------------------------
Detailed RTL Component Info : 
+---XORs : 
	   2 Input      1 Bit         XORs := 12    
	   8 Input      1 Bit         XORs := 1     
	  15 Input      1 Bit         XORs := 2     
	   5 Input      1 Bit         XORs := 6     
	   3 Input      1 Bit         XORs := 6     
	   4 Input      1 Bit         XORs := 9     
	   6 Input      1 Bit         XORs := 1     
	  10 Input      1 Bit         XORs := 2     
	  44 Input      1 Bit         XORs := 1     
	  40 Input      1 Bit         XORs := 1     
	  29 Input      1 Bit         XORs := 3     
	  27 Input      1 Bit         XORs := 1     
	  28 Input      1 Bit         XORs := 3     
	  24 Input      1 Bit         XORs := 2     
	  23 Input      1 Bit         XORs := 1     
	  31 Input      1 Bit         XORs := 1     
	  30 Input      1 Bit         XORs := 1     
	  33 Input      1 Bit         XORs := 1     
	  12 Input      1 Bit         XORs := 1     
	  26 Input      1 Bit         XORs := 1     
+---Muxes : 
	   6 Input  192 Bit        Muxes := 1     
	   6 Input    6 Bit        Muxes := 1     
	   2 Input    6 Bit        Muxes := 2     
	   6 Input    1 Bit        Muxes := 3     
---------------------------------------------------------------------------------
Finished RTL Component Statistics 
---------------------------------------------------------------------------------
---------------------------------------------------------------------------------
Start Part Resource Summary
---------------------------------------------------------------------------------
Part Resources:
DSPs: 220 (col length:60)
BRAMs: 280 (col length: RAMB18 60 RAMB36 30)
---------------------------------------------------------------------------------
Finished Part Resource Summary
---------------------------------------------------------------------------------
---------------------------------------------------------------------------------
Start Cross Boundary and Area Optimization
---------------------------------------------------------------------------------
WARNING: [Synth 8-7080] Parallel synthesis criteria is not met
INFO: [Synth 8-3332] Sequential element (U0/buffer_read_reg) is unused and will be removed from module communicatieprotocol_comunication_protocol_0_0.
INFO: [Synth 8-3332] Sequential element (U0/FSM_onehot_current_state_reg[5]) is unused and will be removed from module communicatieprotocol_comunication_protocol_0_0.
INFO: [Synth 8-3332] Sequential element (U0/FSM_onehot_current_state_reg[3]) is unused and will be removed from module communicatieprotocol_comunication_protocol_0_0.
INFO: [Synth 8-3332] Sequential element (U0/FSM_onehot_current_state_reg[1]) is unused and will be removed from module communicatieprotocol_comunication_protocol_0_0.
INFO: [Synth 8-3332] Sequential element (U0/FSM_onehot_current_state_reg[0]) is unused and will be removed from module communicatieprotocol_comunication_protocol_0_0.
INFO: [Synth 8-3332] Sequential element (U0/data_ready_reg) is unused and will be removed from module communicatieprotocol_comunication_protocol_0_0.
INFO: [Synth 8-3332] Sequential element (U0/keypad_is_hekkie_s_reg) is unused and will be removed from module communicatieprotocol_comunication_protocol_0_0.
---------------------------------------------------------------------------------
Finished Cross Boundary and Area Optimization : Time (s): cpu = 00:00:03 ; elapsed = 00:00:13 . Memory (MB): peak = 2449.699 ; gain = 626.465
---------------------------------------------------------------------------------
---------------------------------------------------------------------------------
Start Applying XDC Timing Constraints
---------------------------------------------------------------------------------
---------------------------------------------------------------------------------
Finished Applying XDC Timing Constraints : Time (s): cpu = 00:00:04 ; elapsed = 00:00:17 . Memory (MB): peak = 2449.699 ; gain = 626.465
---------------------------------------------------------------------------------
---------------------------------------------------------------------------------
Start Timing Optimization
---------------------------------------------------------------------------------
---------------------------------------------------------------------------------
Finished Timing Optimization : Time (s): cpu = 00:00:04 ; elapsed = 00:00:17 . Memory (MB): peak = 2449.699 ; gain = 626.465
---------------------------------------------------------------------------------
---------------------------------------------------------------------------------
Start Technology Mapping
---------------------------------------------------------------------------------
---------------------------------------------------------------------------------
Finished Technology Mapping : Time (s): cpu = 00:00:04 ; elapsed = 00:00:17 . Memory (MB): peak = 2449.699 ; gain = 626.465
---------------------------------------------------------------------------------
---------------------------------------------------------------------------------
Start IO Insertion
---------------------------------------------------------------------------------
---------------------------------------------------------------------------------
Start Flattening Before IO Insertion
---------------------------------------------------------------------------------
---------------------------------------------------------------------------------
Finished Flattening Before IO Insertion
---------------------------------------------------------------------------------
---------------------------------------------------------------------------------
Start Final Netlist Cleanup
---------------------------------------------------------------------------------
---------------------------------------------------------------------------------
Finished Final Netlist Cleanup
---------------------------------------------------------------------------------
---------------------------------------------------------------------------------
Finished IO Insertion : Time (s): cpu = 00:00:05 ; elapsed = 00:00:20 . Memory (MB): peak = 2449.699 ; gain = 626.465
---------------------------------------------------------------------------------
---------------------------------------------------------------------------------
Start Renaming Generated Instances
---------------------------------------------------------------------------------
---------------------------------------------------------------------------------
Finished Renaming Generated Instances : Time (s): cpu = 00:00:05 ; elapsed = 00:00:20 . Memory (MB): peak = 2449.699 ; gain = 626.465
---------------------------------------------------------------------------------
---------------------------------------------------------------------------------
Start Rebuilding User Hierarchy
---------------------------------------------------------------------------------
---------------------------------------------------------------------------------
Finished Rebuilding User Hierarchy : Time (s): cpu = 00:00:05 ; elapsed = 00:00:20 . Memory (MB): peak = 2449.699 ; gain = 626.465
---------------------------------------------------------------------------------
---------------------------------------------------------------------------------
Start Renaming Generated Ports
---------------------------------------------------------------------------------
---------------------------------------------------------------------------------
Finished Renaming Generated Ports : Time (s): cpu = 00:00:05 ; elapsed = 00:00:20 . Memory (MB): peak = 2449.699 ; gain = 626.465
---------------------------------------------------------------------------------
---------------------------------------------------------------------------------
Start Handling Custom Attributes
---------------------------------------------------------------------------------
---------------------------------------------------------------------------------
Finished Handling Custom Attributes : Time (s): cpu = 00:00:05 ; elapsed = 00:00:20 . Memory (MB): peak = 2449.699 ; gain = 626.465
---------------------------------------------------------------------------------
---------------------------------------------------------------------------------
Start Renaming Generated Nets
---------------------------------------------------------------------------------
---------------------------------------------------------------------------------
Finished Renaming Generated Nets : Time (s): cpu = 00:00:05 ; elapsed = 00:00:20 . Memory (MB): peak = 2449.699 ; gain = 626.465
---------------------------------------------------------------------------------
---------------------------------------------------------------------------------
Start Writing Synthesis Report
---------------------------------------------------------------------------------

Report BlackBoxes: 
+-+--------------+----------+
| |BlackBox name |Instances |
+-+--------------+----------+
+-+--------------+----------+

Report Cell Usage: 
+-+-----+------+
| |Cell |Count |
+-+-----+------+
+-+-----+------+
---------------------------------------------------------------------------------
Finished Writing Synthesis Report : Time (s): cpu = 00:00:05 ; elapsed = 00:00:20 . Memory (MB): peak = 2449.699 ; gain = 626.465
---------------------------------------------------------------------------------
Synthesis finished with 0 errors, 0 critical warnings and 5 warnings.
Synthesis Optimization Runtime : Time (s): cpu = 00:00:03 ; elapsed = 00:00:19 . Memory (MB): peak = 2449.699 ; gain = 531.957
Synthesis Optimization Complete : Time (s): cpu = 00:00:05 ; elapsed = 00:00:20 . Memory (MB): peak = 2449.699 ; gain = 626.465
INFO: [Project 1-571] Translating synthesized netlist
Netlist sorting complete. Time (s): cpu = 00:00:00 ; elapsed = 00:00:00.001 . Memory (MB): peak = 2449.699 ; gain = 0.000
INFO: [Project 1-570] Preparing netlist for logic optimization
INFO: [Opt 31-138] Pushed 0 inverter(s) to 0 load pin(s).
Netlist sorting complete. Time (s): cpu = 00:00:00 ; elapsed = 00:00:00 . Memory (MB): peak = 2449.699 ; gain = 0.000
INFO: [Project 1-111] Unisim Transformation Summary:
No Unisim elements were transformed.

Synth Design complete | Checksum: 12ecfc01
INFO: [Common 17-83] Releasing license: Synthesis
31 Infos, 9 Warnings, 0 Critical Warnings and 0 Errors encountered.
synth_design completed successfully
synth_design: Time (s): cpu = 00:00:06 ; elapsed = 00:00:24 . Memory (MB): peak = 2449.699 ; gain = 1030.770
INFO: [Common 17-1381] The checkpoint 'D:/_code/Git/Fontys/Jaar_2/mo8-digitaal-zender/mo8-digitaal-zender/mo8-digitaal-zender.runs/communicatieprotocol_comunication_protocol_0_0_synth_1/communicatieprotocol_comunication_protocol_0_0.dcp' has been generated.
INFO: [Coretcl 2-1648] Added synthesis output to IP cache for IP communicatieprotocol_comunication_protocol_0_0, cache-ID = d1b7d0836b1e83f1
INFO: [Common 17-1381] The checkpoint 'D:/_code/Git/Fontys/Jaar_2/mo8-digitaal-zender/mo8-digitaal-zender/mo8-digitaal-zender.runs/communicatieprotocol_comunication_protocol_0_0_synth_1/communicatieprotocol_comunication_protocol_0_0.dcp' has been generated.
INFO: [runtcl-4] Executing : report_utilization -file communicatieprotocol_comunication_protocol_0_0_utilization_synth.rpt -pb communicatieprotocol_comunication_protocol_0_0_utilization_synth.pb
INFO: [Common 17-206] Exiting Vivado at Fri Apr  5 11:42:25 2024...
