
*** Running vivado
    with args -log blockdesign_DeBounce_0_0.vds -m64 -product Vivado -mode batch -messageDb vivado.pb -notrace -source blockdesign_DeBounce_0_0.tcl



****** Vivado v2023.1 (64-bit)
  **** SW Build 3865809 on Sun May  7 15:05:29 MDT 2023
  **** IP Build 3864474 on Sun May  7 20:36:21 MDT 2023
  **** SharedData Build 3865790 on Sun May 07 13:33:03 MDT 2023
    ** Copyright 1986-2022 Xilinx, Inc. All Rights Reserved.
    ** Copyright 2022-2023 Advanced Micro Devices, Inc. All Rights Reserved.

source blockdesign_DeBounce_0_0.tcl -notrace
create_project: Time (s): cpu = 00:00:03 ; elapsed = 00:00:07 . Memory (MB): peak = 1362.355 ; gain = 157.785
INFO: [IP_Flow 19-234] Refreshing IP repositories
INFO: [IP_Flow 19-1704] No user IP repositories specified
INFO: [IP_Flow 19-2313] Loaded Vivado IP repository 'D:/Xilinx/Vivado/2023.1/data/ip'.
WARNING: [IP_Flow 19-4995] The host OS only allows 260 characters in a normal path. The IP cache path is more than 80 characters. If you experience issues with IP caching, please consider changing the IP cache to a location with a shorter path. Alternately consider using the OS subst command to map part of the path to a drive letter. 
Current IP cache path is c:/Users/Jochem/GitHub/Fontys/mo8-digitaal-zender/mo8-digitaal-zender/mo8-digitaal-zender.cache/ip 
INFO: [IP_Flow 19-6924] IPCACHE: Running cache check for IP inst: blockdesign_DeBounce_0_0
Command: synth_design -top blockdesign_DeBounce_0_0 -part xc7z020clg400-1 -incremental_mode off -mode out_of_context
Starting synth_design
Attempting to get a license for feature 'Synthesis' and/or device 'xc7z020'
INFO: [Common 17-349] Got license for feature 'Synthesis' and/or device 'xc7z020'
INFO: [Device 21-403] Loading part xc7z020clg400-1
INFO: [Synth 8-7079] Multithreading enabled for synth_design using a maximum of 2 processes.
INFO: [Synth 8-7078] Launching helper process for spawning children vivado processes
INFO: [Synth 8-7075] Helper process launched with PID 13380
---------------------------------------------------------------------------------
Starting RTL Elaboration : Time (s): cpu = 00:00:05 ; elapsed = 00:00:08 . Memory (MB): peak = 2220.672 ; gain = 412.371
---------------------------------------------------------------------------------
INFO: [Synth 8-638] synthesizing module 'blockdesign_DeBounce_0_0' [c:/Users/Jochem/GitHub/Fontys/mo8-digitaal-zender/mo8-digitaal-zender/mo8-digitaal-zender.gen/sources_1/bd/blockdesign/ip/blockdesign_DeBounce_0_0/synth/blockdesign_DeBounce_0_0.vhd:65]
INFO: [Synth 8-3491] module 'DeBounce' declared at 'C:/Users/Jochem/GitHub/Fontys/mo8-digitaal-zender/mo8-digitaal-zender/mo8-digitaal-zender.srcs/sources_1/new/Debounce_Data.vhd:5' bound to instance 'U0' of component 'DeBounce' [c:/Users/Jochem/GitHub/Fontys/mo8-digitaal-zender/mo8-digitaal-zender/mo8-digitaal-zender.gen/sources_1/bd/blockdesign/ip/blockdesign_DeBounce_0_0/synth/blockdesign_DeBounce_0_0.vhd:91]
INFO: [Synth 8-638] synthesizing module 'DeBounce' [C:/Users/Jochem/GitHub/Fontys/mo8-digitaal-zender/mo8-digitaal-zender/mo8-digitaal-zender.srcs/sources_1/new/Debounce_Data.vhd:12]
WARNING: [Synth 8-614] signal 'Reset' is read in the process but is not in the sensitivity list [C:/Users/Jochem/GitHub/Fontys/mo8-digitaal-zender/mo8-digitaal-zender/mo8-digitaal-zender.srcs/sources_1/new/Debounce_Data.vhd:21]
INFO: [Synth 8-256] done synthesizing module 'DeBounce' (0#1) [C:/Users/Jochem/GitHub/Fontys/mo8-digitaal-zender/mo8-digitaal-zender/mo8-digitaal-zender.srcs/sources_1/new/Debounce_Data.vhd:12]
INFO: [Synth 8-256] done synthesizing module 'blockdesign_DeBounce_0_0' (0#1) [c:/Users/Jochem/GitHub/Fontys/mo8-digitaal-zender/mo8-digitaal-zender/mo8-digitaal-zender.gen/sources_1/bd/blockdesign/ip/blockdesign_DeBounce_0_0/synth/blockdesign_DeBounce_0_0.vhd:65]
---------------------------------------------------------------------------------
Finished RTL Elaboration : Time (s): cpu = 00:00:06 ; elapsed = 00:00:10 . Memory (MB): peak = 2312.766 ; gain = 504.465
---------------------------------------------------------------------------------
---------------------------------------------------------------------------------
Start Handling Custom Attributes
---------------------------------------------------------------------------------
---------------------------------------------------------------------------------
Finished Handling Custom Attributes : Time (s): cpu = 00:00:06 ; elapsed = 00:00:10 . Memory (MB): peak = 2330.672 ; gain = 522.371
---------------------------------------------------------------------------------
---------------------------------------------------------------------------------
Finished RTL Optimization Phase 1 : Time (s): cpu = 00:00:06 ; elapsed = 00:00:10 . Memory (MB): peak = 2330.672 ; gain = 522.371
---------------------------------------------------------------------------------
Netlist sorting complete. Time (s): cpu = 00:00:00 ; elapsed = 00:00:00.002 . Memory (MB): peak = 2330.672 ; gain = 0.000
INFO: [Project 1-570] Preparing netlist for logic optimization

Processing XDC Constraints
Initializing timing engine
Completed Processing XDC Constraints

Netlist sorting complete. Time (s): cpu = 00:00:00 ; elapsed = 00:00:00 . Memory (MB): peak = 2419.152 ; gain = 0.000
INFO: [Project 1-111] Unisim Transformation Summary:
No Unisim elements were transformed.

Constraint Validation Runtime : Time (s): cpu = 00:00:00 ; elapsed = 00:00:00.048 . Memory (MB): peak = 2419.156 ; gain = 0.004
INFO: [Designutils 20-5008] Incremental synthesis strategy off
---------------------------------------------------------------------------------
Finished Constraint Validation : Time (s): cpu = 00:00:11 ; elapsed = 00:00:20 . Memory (MB): peak = 2419.156 ; gain = 610.855
---------------------------------------------------------------------------------
---------------------------------------------------------------------------------
Start Loading Part and Timing Information
---------------------------------------------------------------------------------
Loading part: xc7z020clg400-1
---------------------------------------------------------------------------------
Finished Loading Part and Timing Information : Time (s): cpu = 00:00:11 ; elapsed = 00:00:20 . Memory (MB): peak = 2419.156 ; gain = 610.855
---------------------------------------------------------------------------------
---------------------------------------------------------------------------------
Start Applying 'set_property' XDC Constraints
---------------------------------------------------------------------------------
---------------------------------------------------------------------------------
Finished applying 'set_property' XDC Constraints : Time (s): cpu = 00:00:11 ; elapsed = 00:00:20 . Memory (MB): peak = 2419.156 ; gain = 610.855
---------------------------------------------------------------------------------
---------------------------------------------------------------------------------
Finished RTL Optimization Phase 2 : Time (s): cpu = 00:00:11 ; elapsed = 00:00:20 . Memory (MB): peak = 2419.156 ; gain = 610.855
---------------------------------------------------------------------------------
---------------------------------------------------------------------------------
Start RTL Component Statistics 
---------------------------------------------------------------------------------
Detailed RTL Component Info : 
+---Adders : 
	   2 Input   32 Bit       Adders := 1     
+---Registers : 
	               32 Bit    Registers := 1     
	                4 Bit    Registers := 1     
	                1 Bit    Registers := 1     
+---Muxes : 
	   2 Input   32 Bit        Muxes := 1     
	   2 Input    4 Bit        Muxes := 1     
	   2 Input    1 Bit        Muxes := 4     
---------------------------------------------------------------------------------
Finished RTL Component Statistics 
---------------------------------------------------------------------------------
---------------------------------------------------------------------------------
Start Part Resource Summary
---------------------------------------------------------------------------------
Part Resources:
DSPs: 220 (col length:60)
BRAMs: 280 (col length: RAMB18 60 RAMB36 30)
---------------------------------------------------------------------------------
Finished Part Resource Summary
---------------------------------------------------------------------------------
---------------------------------------------------------------------------------
Start Cross Boundary and Area Optimization
---------------------------------------------------------------------------------
WARNING: [Synth 8-7080] Parallel synthesis criteria is not met
---------------------------------------------------------------------------------
Finished Cross Boundary and Area Optimization : Time (s): cpu = 00:00:12 ; elapsed = 00:00:23 . Memory (MB): peak = 2419.156 ; gain = 610.855
---------------------------------------------------------------------------------
---------------------------------------------------------------------------------
Start Applying XDC Timing Constraints
---------------------------------------------------------------------------------
---------------------------------------------------------------------------------
Finished Applying XDC Timing Constraints : Time (s): cpu = 00:00:16 ; elapsed = 00:00:30 . Memory (MB): peak = 2419.156 ; gain = 610.855
---------------------------------------------------------------------------------
---------------------------------------------------------------------------------
Start Timing Optimization
---------------------------------------------------------------------------------
---------------------------------------------------------------------------------
Finished Timing Optimization : Time (s): cpu = 00:00:16 ; elapsed = 00:00:30 . Memory (MB): peak = 2419.156 ; gain = 610.855
---------------------------------------------------------------------------------
---------------------------------------------------------------------------------
Start Technology Mapping
---------------------------------------------------------------------------------
---------------------------------------------------------------------------------
Finished Technology Mapping : Time (s): cpu = 00:00:16 ; elapsed = 00:00:30 . Memory (MB): peak = 2419.156 ; gain = 610.855
---------------------------------------------------------------------------------
---------------------------------------------------------------------------------
Start IO Insertion
---------------------------------------------------------------------------------
---------------------------------------------------------------------------------
Start Flattening Before IO Insertion
---------------------------------------------------------------------------------
---------------------------------------------------------------------------------
Finished Flattening Before IO Insertion
---------------------------------------------------------------------------------
---------------------------------------------------------------------------------
Start Final Netlist Cleanup
---------------------------------------------------------------------------------
---------------------------------------------------------------------------------
Finished Final Netlist Cleanup
---------------------------------------------------------------------------------
---------------------------------------------------------------------------------
Finished IO Insertion : Time (s): cpu = 00:00:19 ; elapsed = 00:00:36 . Memory (MB): peak = 2419.156 ; gain = 610.855
---------------------------------------------------------------------------------
---------------------------------------------------------------------------------
Start Renaming Generated Instances
---------------------------------------------------------------------------------
---------------------------------------------------------------------------------
Finished Renaming Generated Instances : Time (s): cpu = 00:00:19 ; elapsed = 00:00:36 . Memory (MB): peak = 2419.156 ; gain = 610.855
---------------------------------------------------------------------------------
---------------------------------------------------------------------------------
Start Rebuilding User Hierarchy
---------------------------------------------------------------------------------
---------------------------------------------------------------------------------
Finished Rebuilding User Hierarchy : Time (s): cpu = 00:00:19 ; elapsed = 00:00:36 . Memory (MB): peak = 2419.156 ; gain = 610.855
---------------------------------------------------------------------------------
---------------------------------------------------------------------------------
Start Renaming Generated Ports
---------------------------------------------------------------------------------
---------------------------------------------------------------------------------
Finished Renaming Generated Ports : Time (s): cpu = 00:00:19 ; elapsed = 00:00:36 . Memory (MB): peak = 2419.156 ; gain = 610.855
---------------------------------------------------------------------------------
---------------------------------------------------------------------------------
Start Handling Custom Attributes
---------------------------------------------------------------------------------
---------------------------------------------------------------------------------
Finished Handling Custom Attributes : Time (s): cpu = 00:00:19 ; elapsed = 00:00:36 . Memory (MB): peak = 2419.156 ; gain = 610.855
---------------------------------------------------------------------------------
---------------------------------------------------------------------------------
Start Renaming Generated Nets
---------------------------------------------------------------------------------
---------------------------------------------------------------------------------
Finished Renaming Generated Nets : Time (s): cpu = 00:00:19 ; elapsed = 00:00:36 . Memory (MB): peak = 2419.156 ; gain = 610.855
---------------------------------------------------------------------------------
---------------------------------------------------------------------------------
Start Writing Synthesis Report
---------------------------------------------------------------------------------

Report BlackBoxes: 
+-+--------------+----------+
| |BlackBox name |Instances |
+-+--------------+----------+
+-+--------------+----------+

Report Cell Usage: 
+------+-------+------+
|      |Cell   |Count |
+------+-------+------+
|1     |CARRY4 |     8|
|2     |LUT2   |     4|
|3     |LUT4   |     9|
|4     |LUT5   |     3|
|5     |LUT6   |     5|
|6     |FDCE   |     1|
|7     |FDPE   |     4|
|8     |FDRE   |    32|
+------+-------+------+
---------------------------------------------------------------------------------
Finished Writing Synthesis Report : Time (s): cpu = 00:00:19 ; elapsed = 00:00:36 . Memory (MB): peak = 2419.156 ; gain = 610.855
---------------------------------------------------------------------------------
Synthesis finished with 0 errors, 0 critical warnings and 1 warnings.
Synthesis Optimization Runtime : Time (s): cpu = 00:00:12 ; elapsed = 00:00:34 . Memory (MB): peak = 2419.156 ; gain = 522.371
Synthesis Optimization Complete : Time (s): cpu = 00:00:19 ; elapsed = 00:00:37 . Memory (MB): peak = 2419.156 ; gain = 610.855
INFO: [Project 1-571] Translating synthesized netlist
Netlist sorting complete. Time (s): cpu = 00:00:00 ; elapsed = 00:00:00.001 . Memory (MB): peak = 2419.156 ; gain = 0.000
INFO: [Netlist 29-17] Analyzing 8 Unisim elements for replacement
INFO: [Netlist 29-28] Unisim Transformation completed in 0 CPU seconds
INFO: [Project 1-570] Preparing netlist for logic optimization
INFO: [Opt 31-138] Pushed 0 inverter(s) to 0 load pin(s).
Netlist sorting complete. Time (s): cpu = 00:00:00 ; elapsed = 00:00:00 . Memory (MB): peak = 2419.156 ; gain = 0.000
INFO: [Project 1-111] Unisim Transformation Summary:
No Unisim elements were transformed.

Synth Design complete | Checksum: 86e61b92
INFO: [Common 17-83] Releasing license: Synthesis
24 Infos, 3 Warnings, 0 Critical Warnings and 0 Errors encountered.
synth_design completed successfully
synth_design: Time (s): cpu = 00:00:22 ; elapsed = 00:00:44 . Memory (MB): peak = 2419.156 ; gain = 1015.379
INFO: [Common 17-1381] The checkpoint 'C:/Users/Jochem/GitHub/Fontys/mo8-digitaal-zender/mo8-digitaal-zender/mo8-digitaal-zender.runs/blockdesign_DeBounce_0_0_synth_1/blockdesign_DeBounce_0_0.dcp' has been generated.
INFO: [Coretcl 2-1648] Added synthesis output to IP cache for IP blockdesign_DeBounce_0_0, cache-ID = 3208c4e1ec91e4b4
INFO: [Common 17-1381] The checkpoint 'C:/Users/Jochem/GitHub/Fontys/mo8-digitaal-zender/mo8-digitaal-zender/mo8-digitaal-zender.runs/blockdesign_DeBounce_0_0_synth_1/blockdesign_DeBounce_0_0.dcp' has been generated.
INFO: [runtcl-4] Executing : report_utilization -file blockdesign_DeBounce_0_0_utilization_synth.rpt -pb blockdesign_DeBounce_0_0_utilization_synth.pb
INFO: [Common 17-206] Exiting Vivado at Wed Apr 10 11:04:02 2024...
