
*** Running vivado
    with args -log blockdesign_fifo_buffer_0_0.vds -m64 -product Vivado -mode batch -messageDb vivado.pb -notrace -source blockdesign_fifo_buffer_0_0.tcl



****** Vivado v2023.1 (64-bit)
  **** SW Build 3865809 on Sun May  7 15:05:29 MDT 2023
  **** IP Build 3864474 on Sun May  7 20:36:21 MDT 2023
  **** SharedData Build 3865790 on Sun May 07 13:33:03 MDT 2023
    ** Copyright 1986-2022 Xilinx, Inc. All Rights Reserved.
    ** Copyright 2022-2023 Advanced Micro Devices, Inc. All Rights Reserved.

source blockdesign_fifo_buffer_0_0.tcl -notrace
create_project: Time (s): cpu = 00:00:06 ; elapsed = 00:00:12 . Memory (MB): peak = 1460.062 ; gain = 158.977
INFO: [IP_Flow 19-234] Refreshing IP repositories
INFO: [IP_Flow 19-1704] No user IP repositories specified
INFO: [IP_Flow 19-2313] Loaded Vivado IP repository 'C:/Xilinx/Vivado/2023.1/data/ip'.
WARNING: [IP_Flow 19-4995] The host OS only allows 260 characters in a normal path. The IP cache path is more than 80 characters. If you experience issues with IP caching, please consider changing the IP cache to a location with a shorter path. Alternately consider using the OS subst command to map part of the path to a drive letter. 
Current IP cache path is c:/Users/Jochem/GitHub/Fontys/mo8-digitaal-zender/mo8-digitaal-zender/mo8-digitaal-zender.cache/ip 
INFO: [IP_Flow 19-6924] IPCACHE: Running cache check for IP inst: blockdesign_fifo_buffer_0_0
Command: synth_design -top blockdesign_fifo_buffer_0_0 -part xc7z020clg400-1 -incremental_mode off -mode out_of_context
Starting synth_design
Attempting to get a license for feature 'Synthesis' and/or device 'xc7z020'
INFO: [Common 17-349] Got license for feature 'Synthesis' and/or device 'xc7z020'
INFO: [Device 21-403] Loading part xc7z020clg400-1
INFO: [Synth 8-7079] Multithreading enabled for synth_design using a maximum of 2 processes.
INFO: [Synth 8-7078] Launching helper process for spawning children vivado processes
INFO: [Synth 8-7075] Helper process launched with PID 5636
---------------------------------------------------------------------------------
Starting RTL Elaboration : Time (s): cpu = 00:00:11 ; elapsed = 00:00:19 . Memory (MB): peak = 2317.922 ; gain = 411.863
---------------------------------------------------------------------------------
INFO: [Synth 8-638] synthesizing module 'blockdesign_fifo_buffer_0_0' [c:/Users/Jochem/GitHub/Fontys/mo8-digitaal-zender/mo8-digitaal-zender/mo8-digitaal-zender.gen/sources_1/bd/blockdesign/ip/blockdesign_fifo_buffer_0_0/synth/blockdesign_fifo_buffer_0_0.vhd:68]
	Parameter INPUT_WIDTH bound to: 32 - type: integer 
	Parameter DEPTH bound to: 128 - type: integer 
	Parameter OUTPUT_WIDTH bound to: 128 - type: integer 
	Parameter BITS_STORED_WIDTH bound to: 8 - type: integer 
INFO: [Synth 8-3491] module 'fifo_buffer' declared at 'C:/Users/Jochem/GitHub/Fontys/mo8-digitaal-zender/mo8-digitaal-zender/mo8-digitaal-zender.srcs/sources_1/new/fifo_buffer.vhd:6' bound to instance 'U0' of component 'fifo_buffer' [c:/Users/Jochem/GitHub/Fontys/mo8-digitaal-zender/mo8-digitaal-zender/mo8-digitaal-zender.gen/sources_1/bd/blockdesign/ip/blockdesign_fifo_buffer_0_0/synth/blockdesign_fifo_buffer_0_0.vhd:101]
INFO: [Synth 8-638] synthesizing module 'fifo_buffer' [C:/Users/Jochem/GitHub/Fontys/mo8-digitaal-zender/mo8-digitaal-zender/mo8-digitaal-zender.srcs/sources_1/new/fifo_buffer.vhd:22]
WARNING: [Synth 8-614] signal 'state' is read in the process but is not in the sensitivity list [C:/Users/Jochem/GitHub/Fontys/mo8-digitaal-zender/mo8-digitaal-zender/mo8-digitaal-zender.srcs/sources_1/new/fifo_buffer.vhd:41]
WARNING: [Synth 8-614] signal 'write_en_reg' is read in the process but is not in the sensitivity list [C:/Users/Jochem/GitHub/Fontys/mo8-digitaal-zender/mo8-digitaal-zender/mo8-digitaal-zender.srcs/sources_1/new/fifo_buffer.vhd:41]
WARNING: [Synth 8-614] signal 'read_en_reg' is read in the process but is not in the sensitivity list [C:/Users/Jochem/GitHub/Fontys/mo8-digitaal-zender/mo8-digitaal-zender/mo8-digitaal-zender.srcs/sources_1/new/fifo_buffer.vhd:41]
WARNING: [Synth 8-614] signal 'bits_stored' is read in the process but is not in the sensitivity list [C:/Users/Jochem/GitHub/Fontys/mo8-digitaal-zender/mo8-digitaal-zender/mo8-digitaal-zender.srcs/sources_1/new/fifo_buffer.vhd:41]
WARNING: [Synth 8-614] signal 'clear_reg' is read in the process but is not in the sensitivity list [C:/Users/Jochem/GitHub/Fontys/mo8-digitaal-zender/mo8-digitaal-zender/mo8-digitaal-zender.srcs/sources_1/new/fifo_buffer.vhd:41]
INFO: [Synth 8-256] done synthesizing module 'fifo_buffer' (0#1) [C:/Users/Jochem/GitHub/Fontys/mo8-digitaal-zender/mo8-digitaal-zender/mo8-digitaal-zender.srcs/sources_1/new/fifo_buffer.vhd:22]
INFO: [Synth 8-256] done synthesizing module 'blockdesign_fifo_buffer_0_0' (0#1) [c:/Users/Jochem/GitHub/Fontys/mo8-digitaal-zender/mo8-digitaal-zender/mo8-digitaal-zender.gen/sources_1/bd/blockdesign/ip/blockdesign_fifo_buffer_0_0/synth/blockdesign_fifo_buffer_0_0.vhd:68]
---------------------------------------------------------------------------------
Finished RTL Elaboration : Time (s): cpu = 00:00:14 ; elapsed = 00:00:23 . Memory (MB): peak = 2410.555 ; gain = 504.496
---------------------------------------------------------------------------------
---------------------------------------------------------------------------------
Start Handling Custom Attributes
---------------------------------------------------------------------------------
---------------------------------------------------------------------------------
Finished Handling Custom Attributes : Time (s): cpu = 00:00:14 ; elapsed = 00:00:24 . Memory (MB): peak = 2428.461 ; gain = 522.402
---------------------------------------------------------------------------------
---------------------------------------------------------------------------------
Finished RTL Optimization Phase 1 : Time (s): cpu = 00:00:14 ; elapsed = 00:00:24 . Memory (MB): peak = 2428.461 ; gain = 522.402
---------------------------------------------------------------------------------
Netlist sorting complete. Time (s): cpu = 00:00:00 ; elapsed = 00:00:00.027 . Memory (MB): peak = 2428.461 ; gain = 0.000
INFO: [Project 1-570] Preparing netlist for logic optimization

Processing XDC Constraints
Initializing timing engine
Completed Processing XDC Constraints

Netlist sorting complete. Time (s): cpu = 00:00:00 ; elapsed = 00:00:00.001 . Memory (MB): peak = 2523.008 ; gain = 0.000
INFO: [Project 1-111] Unisim Transformation Summary:
No Unisim elements were transformed.

Constraint Validation Runtime : Time (s): cpu = 00:00:00 ; elapsed = 00:00:00.089 . Memory (MB): peak = 2523.008 ; gain = 0.000
INFO: [Designutils 20-5008] Incremental synthesis strategy off
---------------------------------------------------------------------------------
Finished Constraint Validation : Time (s): cpu = 00:00:26 ; elapsed = 00:00:46 . Memory (MB): peak = 2523.008 ; gain = 616.949
---------------------------------------------------------------------------------
---------------------------------------------------------------------------------
Start Loading Part and Timing Information
---------------------------------------------------------------------------------
Loading part: xc7z020clg400-1
---------------------------------------------------------------------------------
Finished Loading Part and Timing Information : Time (s): cpu = 00:00:26 ; elapsed = 00:00:46 . Memory (MB): peak = 2523.008 ; gain = 616.949
---------------------------------------------------------------------------------
---------------------------------------------------------------------------------
Start Applying 'set_property' XDC Constraints
---------------------------------------------------------------------------------
---------------------------------------------------------------------------------
Finished applying 'set_property' XDC Constraints : Time (s): cpu = 00:00:26 ; elapsed = 00:00:46 . Memory (MB): peak = 2523.008 ; gain = 616.949
---------------------------------------------------------------------------------
INFO: [Synth 8-802] inferred FSM for state register 'state_reg' in module 'fifo_buffer'
---------------------------------------------------------------------------------------------------
                   State |                     New Encoding |                Previous Encoding 
---------------------------------------------------------------------------------------------------
                    idle |                              000 |                              000
                 shift_r |                              001 |                              010
              write_data |                              010 |                              011
               read_data |                              011 |                              001
            clear_buffer |                              100 |                              100
---------------------------------------------------------------------------------------------------
INFO: [Synth 8-3354] encoded FSM with state register 'state_reg' using encoding 'sequential' in module 'fifo_buffer'
---------------------------------------------------------------------------------
Finished RTL Optimization Phase 2 : Time (s): cpu = 00:00:27 ; elapsed = 00:00:47 . Memory (MB): peak = 2523.008 ; gain = 616.949
---------------------------------------------------------------------------------
---------------------------------------------------------------------------------
Start RTL Component Statistics 
---------------------------------------------------------------------------------
Detailed RTL Component Info : 
+---Adders : 
	   2 Input   32 Bit       Adders := 2     
+---Registers : 
	              128 Bit    Registers := 1     
	               32 Bit    Registers := 1     
	                1 Bit    Registers := 3     
+---Muxes : 
	   4 Input  128 Bit        Muxes := 2     
	   5 Input   32 Bit        Muxes := 1     
	   5 Input    3 Bit        Muxes := 1     
	   2 Input    3 Bit        Muxes := 3     
	   2 Input    1 Bit        Muxes := 3     
	   5 Input    1 Bit        Muxes := 1     
---------------------------------------------------------------------------------
Finished RTL Component Statistics 
---------------------------------------------------------------------------------
---------------------------------------------------------------------------------
Start Part Resource Summary
---------------------------------------------------------------------------------
Part Resources:
DSPs: 220 (col length:60)
BRAMs: 280 (col length: RAMB18 60 RAMB36 30)
---------------------------------------------------------------------------------
Finished Part Resource Summary
---------------------------------------------------------------------------------
---------------------------------------------------------------------------------
Start Cross Boundary and Area Optimization
---------------------------------------------------------------------------------
WARNING: [Synth 8-7080] Parallel synthesis criteria is not met
---------------------------------------------------------------------------------
Finished Cross Boundary and Area Optimization : Time (s): cpu = 00:00:35 ; elapsed = 00:00:57 . Memory (MB): peak = 2523.008 ; gain = 616.949
---------------------------------------------------------------------------------
---------------------------------------------------------------------------------
Start Applying XDC Timing Constraints
---------------------------------------------------------------------------------
---------------------------------------------------------------------------------
Finished Applying XDC Timing Constraints : Time (s): cpu = 00:00:45 ; elapsed = 00:01:11 . Memory (MB): peak = 2523.008 ; gain = 616.949
---------------------------------------------------------------------------------
---------------------------------------------------------------------------------
Start Timing Optimization
---------------------------------------------------------------------------------
---------------------------------------------------------------------------------
Finished Timing Optimization : Time (s): cpu = 00:00:45 ; elapsed = 00:01:12 . Memory (MB): peak = 2523.008 ; gain = 616.949
---------------------------------------------------------------------------------
---------------------------------------------------------------------------------
Start Technology Mapping
---------------------------------------------------------------------------------
---------------------------------------------------------------------------------
Finished Technology Mapping : Time (s): cpu = 00:00:45 ; elapsed = 00:01:12 . Memory (MB): peak = 2523.008 ; gain = 616.949
---------------------------------------------------------------------------------
---------------------------------------------------------------------------------
Start IO Insertion
---------------------------------------------------------------------------------
---------------------------------------------------------------------------------
Start Flattening Before IO Insertion
---------------------------------------------------------------------------------
---------------------------------------------------------------------------------
Finished Flattening Before IO Insertion
---------------------------------------------------------------------------------
---------------------------------------------------------------------------------
Start Final Netlist Cleanup
---------------------------------------------------------------------------------
---------------------------------------------------------------------------------
Finished Final Netlist Cleanup
---------------------------------------------------------------------------------
---------------------------------------------------------------------------------
Finished IO Insertion : Time (s): cpu = 00:00:52 ; elapsed = 00:01:23 . Memory (MB): peak = 2523.008 ; gain = 616.949
---------------------------------------------------------------------------------
---------------------------------------------------------------------------------
Start Renaming Generated Instances
---------------------------------------------------------------------------------
---------------------------------------------------------------------------------
Finished Renaming Generated Instances : Time (s): cpu = 00:00:52 ; elapsed = 00:01:23 . Memory (MB): peak = 2523.008 ; gain = 616.949
---------------------------------------------------------------------------------
---------------------------------------------------------------------------------
Start Rebuilding User Hierarchy
---------------------------------------------------------------------------------
---------------------------------------------------------------------------------
Finished Rebuilding User Hierarchy : Time (s): cpu = 00:00:52 ; elapsed = 00:01:23 . Memory (MB): peak = 2523.008 ; gain = 616.949
---------------------------------------------------------------------------------
---------------------------------------------------------------------------------
Start Renaming Generated Ports
---------------------------------------------------------------------------------
---------------------------------------------------------------------------------
Finished Renaming Generated Ports : Time (s): cpu = 00:00:52 ; elapsed = 00:01:23 . Memory (MB): peak = 2523.008 ; gain = 616.949
---------------------------------------------------------------------------------
---------------------------------------------------------------------------------
Start Handling Custom Attributes
---------------------------------------------------------------------------------
---------------------------------------------------------------------------------
Finished Handling Custom Attributes : Time (s): cpu = 00:00:52 ; elapsed = 00:01:23 . Memory (MB): peak = 2523.008 ; gain = 616.949
---------------------------------------------------------------------------------
---------------------------------------------------------------------------------
Start Renaming Generated Nets
---------------------------------------------------------------------------------
---------------------------------------------------------------------------------
Finished Renaming Generated Nets : Time (s): cpu = 00:00:52 ; elapsed = 00:01:23 . Memory (MB): peak = 2523.008 ; gain = 616.949
---------------------------------------------------------------------------------
---------------------------------------------------------------------------------
Start Writing Synthesis Report
---------------------------------------------------------------------------------

Report BlackBoxes: 
+-+--------------+----------+
| |BlackBox name |Instances |
+-+--------------+----------+
+-+--------------+----------+

Report Cell Usage: 
+------+-------+------+
|      |Cell   |Count |
+------+-------+------+
|1     |CARRY4 |    18|
|2     |LUT1   |    26|
|3     |LUT2   |    35|
|4     |LUT3   |    22|
|5     |LUT4   |    54|
|6     |LUT5   |    64|
|7     |LUT6   |   235|
|8     |FDRE   |   163|
+------+-------+------+
---------------------------------------------------------------------------------
Finished Writing Synthesis Report : Time (s): cpu = 00:00:52 ; elapsed = 00:01:23 . Memory (MB): peak = 2523.008 ; gain = 616.949
---------------------------------------------------------------------------------
Synthesis finished with 0 errors, 0 critical warnings and 1 warnings.
Synthesis Optimization Runtime : Time (s): cpu = 00:00:36 ; elapsed = 00:01:18 . Memory (MB): peak = 2523.008 ; gain = 522.402
Synthesis Optimization Complete : Time (s): cpu = 00:00:52 ; elapsed = 00:01:23 . Memory (MB): peak = 2523.008 ; gain = 616.949
INFO: [Project 1-571] Translating synthesized netlist
Netlist sorting complete. Time (s): cpu = 00:00:00 ; elapsed = 00:00:00.013 . Memory (MB): peak = 2523.008 ; gain = 0.000
INFO: [Netlist 29-17] Analyzing 18 Unisim elements for replacement
INFO: [Netlist 29-28] Unisim Transformation completed in 0 CPU seconds
INFO: [Project 1-570] Preparing netlist for logic optimization
INFO: [Opt 31-138] Pushed 0 inverter(s) to 0 load pin(s).
Netlist sorting complete. Time (s): cpu = 00:00:00 ; elapsed = 00:00:00 . Memory (MB): peak = 2523.008 ; gain = 0.000
INFO: [Project 1-111] Unisim Transformation Summary:
No Unisim elements were transformed.

Synth Design complete | Checksum: 63f1e64e
INFO: [Common 17-83] Releasing license: Synthesis
26 Infos, 7 Warnings, 0 Critical Warnings and 0 Errors encountered.
synth_design completed successfully
synth_design: Time (s): cpu = 00:01:00 ; elapsed = 00:01:37 . Memory (MB): peak = 2523.008 ; gain = 1021.840
INFO: [Common 17-1381] The checkpoint 'C:/Users/Jochem/GitHub/Fontys/mo8-digitaal-zender/mo8-digitaal-zender/mo8-digitaal-zender.runs/blockdesign_fifo_buffer_0_0_synth_1/blockdesign_fifo_buffer_0_0.dcp' has been generated.
INFO: [Coretcl 2-1648] Added synthesis output to IP cache for IP blockdesign_fifo_buffer_0_0, cache-ID = 324631f39969e0a9
INFO: [Common 17-1381] The checkpoint 'C:/Users/Jochem/GitHub/Fontys/mo8-digitaal-zender/mo8-digitaal-zender/mo8-digitaal-zender.runs/blockdesign_fifo_buffer_0_0_synth_1/blockdesign_fifo_buffer_0_0.dcp' has been generated.
INFO: [runtcl-4] Executing : report_utilization -file blockdesign_fifo_buffer_0_0_utilization_synth.rpt -pb blockdesign_fifo_buffer_0_0_utilization_synth.pb
INFO: [Common 17-206] Exiting Vivado at Fri May 24 11:30:58 2024...
